<?xml version="1.0" encoding="UTF-8"?>
<!-- Generated by org.testng.reporters.JUnitXMLReporter -->
<testsuite hostname="Sachin-Sharma" ignored="0" name="Home Page Test" tests="3" failures="0" timestamp="05 Oct 2022 06:52:48 GMT" time="29.999" errors="0">
  <testcase name="verifyHomePageHeaderTest" time="0.253" classname="com.qa.trcrm.tests.HomePageTest"/>
  <testcase name="verifyHomePageTitleTest" time="0.016" classname="com.qa.trcrm.tests.HomePageTest"/>
  <testcase name="verifyLoggedInUserTest" time="0.269" classname="com.qa.trcrm.tests.HomePageTest"/>
</testsuite> <!-- Home Page Test -->
