<?xml version="1.0" encoding="UTF-8"?>
<!-- Generated by org.testng.reporters.JUnitXMLReporter -->
<testsuite hostname="Sachin-Sharma" ignored="0" name="Login Page Test" tests="5" failures="0" timestamp="05 Oct 2022 06:52:17 GMT" time="37.521" errors="0">
  <testcase name="login_InvalidTestCases" time="2.555" classname="com.qa.trcrm.tests.LoginPageTest"/>
  <testcase name="login_InvalidTestCases" time="2.552" classname="com.qa.trcrm.tests.LoginPageTest"/>
  <testcase name="verifyLoginPageTitleTest" time="0.017" classname="com.qa.trcrm.tests.LoginPageTest"/>
  <testcase name="verifySignUpLinkTest" time="0.102" classname="com.qa.trcrm.tests.LoginPageTest"/>
  <testcase name="doLoginTest" time="12.943" classname="com.qa.trcrm.tests.LoginPageTest"/>
</testsuite> <!-- Login Page Test -->
