<?xml version="1.0" encoding="UTF-8"?>
<!-- Generated by org.testng.reporters.JUnitXMLReporter -->
<testsuite hostname="Sachin-Sharma" ignored="0" name="sanity test--chrome" tests="3" failures="0" timestamp="03 Oct 2022 17:16:04 GMT" time="112.353" errors="0">
  <testcase name="verifyLoginPageTitleTest" time="0.024" classname="com.qa.trcrm.tests.LoginPageTest2"/>
  <testcase name="verifySignUpLinkTest" time="0.341" classname="com.qa.trcrm.tests.LoginPageTest2"/>
  <testcase name="doLoginTest" time="56.068" classname="com.qa.trcrm.tests.LoginPageTest2"/>
</testsuite> <!-- sanity test-chrome -->
