<?xml version="1.0" encoding="UTF-8"?>
<!-- Generated by org.testng.reporters.JUnitXMLReporter -->
<testsuite hostname="Sachin-Sharma" ignored="0" name="sanity test" tests="3" failures="0" timestamp="03 Oct 2022 16:51:51 GMT" time="130.008" errors="0">
  <testcase name="verifyLoginPageTitleTest" time="0.052" classname="com.qa.trcrm.tests.LoginPageTest"/>
  <testcase name="verifySignUpLinkTest" time="0.181" classname="com.qa.trcrm.tests.LoginPageTest"/>
  <testcase name="doLoginTest" time="85.46" classname="com.qa.trcrm.tests.LoginPageTest"/>
</testsuite> <!-- sanity test -->
