<?xml version="1.0" encoding="UTF-8"?>
<!-- Generated by org.testng.reporters.JUnitXMLReporter -->
<testsuite hostname="Sachin-Sharma" ignored="0" name="sanity test--firefox" tests="3" failures="0" timestamp="03 Oct 2022 17:17:17 GMT" time="73.066" errors="0">
  <testcase name="verifyLoginPageTitleTest" time="0.017" classname="com.qa.trcrm.tests.LoginPageTest2"/>
  <testcase name="verifySignUpLinkTest" time="0.208" classname="com.qa.trcrm.tests.LoginPageTest2"/>
  <testcase name="doLoginTest" time="28.396" classname="com.qa.trcrm.tests.LoginPageTest2"/>
</testsuite> <!-- sanity test-firefox -->
