<?xml version="1.0" encoding="UTF-8"?>
<!-- Generated by org.testng.reporters.JUnitXMLReporter -->
<testsuite hostname="Sachin-Sharma" ignored="0" name="Home Page Test" tests="3" failures="0" timestamp="06 Oct 2022 05:30:34 GMT" time="45.862" errors="0">
  <testcase name="verifyHomePageHeaderTest" time="0.243" classname="com.qa.trcrm.tests.HomePageTest"/>
  <testcase name="verifyHomePageTitleTest" time="0.008" classname="com.qa.trcrm.tests.HomePageTest"/>
  <testcase name="verifyLoggedInUserTest" time="0.134" classname="com.qa.trcrm.tests.HomePageTest"/>
</testsuite> <!-- Home Page Test -->
