<?xml version="1.0" encoding="UTF-8"?>
<!-- Generated by org.testng.reporters.JUnitXMLReporter -->
<testsuite hostname="Sachin-Sharma" ignored="1" name="Default test" tests="1" failures="0" timestamp="05 Oct 2022 14:50:17 GMT" time="51.715" errors="0">
  <testcase name="verifyContactPageHeaderTest" time="10.709" classname="com.qa.trcrm.tests.ContactsPageTest"/>
  <testcase name="verifyAddPersonTest" time="0.0" classname="com.qa.trcrm.tests.ContactsPageTest">
    <ignored/>
  </testcase> <!-- verifyAddPersonTest -->
</testsuite> <!-- Default test -->
