<?xml version="1.0" encoding="UTF-8"?>
<testng-results skipped="0" failed="2" ignored="1" total="10" passed="7">
  <reporter-output>
  </reporter-output>
  <suite name="trcrm app-Regression suite" duration-ms="451491" started-at="2022-10-06T05:29:02Z" finished-at="2022-10-06T05:36:33Z">
    <groups>
    </groups>
    <test name="Login Page Test" duration-ms="45678" started-at="2022-10-06T05:29:02Z" finished-at="2022-10-06T05:29:47Z">
      <class name="com.qa.trcrm.tests.LoginPageTest">
        <test-method status="PASS" signature="setUp()[pri:0, instance:com.qa.trcrm.tests.LoginPageTest@1d7acb34]" name="setUp" is-config="true" duration-ms="30132" started-at="2022-10-06T05:29:02Z" finished-at="2022-10-06T05:29:32Z">
          <reporter-output>
          </reporter-output>
        </test-method> <!-- setUp -->
        <test-method status="PASS" signature="verifyLoginPageTitleTest()[pri:1, instance:com.qa.trcrm.tests.LoginPageTest@1d7acb34]" name="verifyLoginPageTitleTest" duration-ms="54" started-at="2022-10-06T05:29:32Z" finished-at="2022-10-06T05:29:32Z">
          <reporter-output>
          </reporter-output>
        </test-method> <!-- verifyLoginPageTitleTest -->
        <test-method status="FAIL" signature="verifySignUpLinkTest()[pri:2, instance:com.qa.trcrm.tests.LoginPageTest@1d7acb34]" name="verifySignUpLinkTest" duration-ms="230" started-at="2022-10-06T05:29:32Z" finished-at="2022-10-06T05:29:32Z">
          <exception class="java.lang.NullPointerException">
            <full-stacktrace>
              <![CDATA[java.lang.NullPointerException
at com.qa.trcrm.utils.ElementUtil.doIsDisplayed(ElementUtil.java:41)
at com.qa.trcrm.pages.LoginPage.verifySignUpLink(LoginPage.java:35)
at com.qa.trcrm.tests.LoginPageTest.verifySignUpLinkTest(LoginPageTest.java:43)
at sun.reflect.NativeMethodAccessorImpl.invoke0(Native Method)
at sun.reflect.NativeMethodAccessorImpl.invoke(Unknown Source)
at sun.reflect.DelegatingMethodAccessorImpl.invoke(Unknown Source)
at java.lang.reflect.Method.invoke(Unknown Source)
at org.testng.internal.MethodInvocationHelper.invokeMethod(MethodInvocationHelper.java:124)
at org.testng.internal.Invoker.invokeMethod(Invoker.java:583)
at org.testng.internal.Invoker.invokeTestMethod(Invoker.java:719)
at org.testng.internal.Invoker.invokeTestMethods(Invoker.java:989)
at org.testng.internal.TestMethodWorker.invokeTestMethods(TestMethodWorker.java:125)
at org.testng.internal.TestMethodWorker.run(TestMethodWorker.java:109)
at org.testng.TestRunner.privateRun(TestRunner.java:648)
at org.testng.TestRunner.run(TestRunner.java:505)
at org.testng.SuiteRunner.runTest(SuiteRunner.java:455)
at org.testng.SuiteRunner.runSequentially(SuiteRunner.java:450)
at org.testng.SuiteRunner.privateRun(SuiteRunner.java:415)
at org.testng.SuiteRunner.run(SuiteRunner.java:364)
at org.testng.SuiteRunnerWorker.runSuite(SuiteRunnerWorker.java:52)
at org.testng.SuiteRunnerWorker.run(SuiteRunnerWorker.java:84)
at org.testng.TestNG.runSuitesSequentially(TestNG.java:1208)
at org.testng.TestNG.runSuitesLocally(TestNG.java:1137)
at org.testng.TestNG.runSuites(TestNG.java:1049)
at org.testng.TestNG.run(TestNG.java:1017)
at org.testng.remote.AbstractRemoteTestNG.run(AbstractRemoteTestNG.java:115)
at org.testng.remote.RemoteTestNG.initAndRun(RemoteTestNG.java:251)
at org.testng.remote.RemoteTestNG.main(RemoteTestNG.java:77)
]]>
            </full-stacktrace>
          </exception> <!-- java.lang.NullPointerException -->
          <reporter-output>
          </reporter-output>
        </test-method> <!-- verifySignUpLinkTest -->
        <test-method status="PASS" signature="doLoginTest()[pri:3, instance:com.qa.trcrm.tests.LoginPageTest@1d7acb34]" name="doLoginTest" duration-ms="10434" started-at="2022-10-06T05:29:32Z" finished-at="2022-10-06T05:29:43Z">
          <reporter-output>
          </reporter-output>
        </test-method> <!-- doLoginTest -->
        <test-method status="PASS" signature="tearDown()[pri:0, instance:com.qa.trcrm.tests.LoginPageTest@1d7acb34]" name="tearDown" is-config="true" duration-ms="4444" started-at="2022-10-06T05:29:43Z" finished-at="2022-10-06T05:29:47Z">
          <reporter-output>
          </reporter-output>
        </test-method> <!-- tearDown -->
      </class> <!-- com.qa.trcrm.tests.LoginPageTest -->
    </test> <!-- Login Page Test -->
    <test name="Home Page Test" duration-ms="45862" started-at="2022-10-06T05:29:48Z" finished-at="2022-10-06T05:30:34Z">
      <class name="com.qa.trcrm.tests.HomePageTest">
        <test-method status="PASS" signature="setUp()[pri:0, instance:com.qa.trcrm.tests.HomePageTest@7181ae3f]" name="setUp" is-config="true" duration-ms="43020" started-at="2022-10-06T05:29:48Z" finished-at="2022-10-06T05:30:31Z">
          <reporter-output>
          </reporter-output>
        </test-method> <!-- setUp -->
        <test-method status="PASS" signature="verifyHomePageHeaderTest()[pri:0, instance:com.qa.trcrm.tests.HomePageTest@7181ae3f]" name="verifyHomePageHeaderTest" duration-ms="243" started-at="2022-10-06T05:30:31Z" finished-at="2022-10-06T05:30:32Z">
          <reporter-output>
          </reporter-output>
        </test-method> <!-- verifyHomePageHeaderTest -->
        <test-method status="PASS" signature="verifyHomePageTitleTest()[pri:0, instance:com.qa.trcrm.tests.HomePageTest@7181ae3f]" name="verifyHomePageTitleTest" duration-ms="8" started-at="2022-10-06T05:30:32Z" finished-at="2022-10-06T05:30:32Z">
          <reporter-output>
          </reporter-output>
        </test-method> <!-- verifyHomePageTitleTest -->
        <test-method status="PASS" signature="verifyLoggedInUserTest()[pri:0, instance:com.qa.trcrm.tests.HomePageTest@7181ae3f]" name="verifyLoggedInUserTest" duration-ms="134" started-at="2022-10-06T05:30:32Z" finished-at="2022-10-06T05:30:32Z">
          <reporter-output>
          </reporter-output>
        </test-method> <!-- verifyLoggedInUserTest -->
        <test-method status="PASS" signature="tearDown()[pri:0, instance:com.qa.trcrm.tests.HomePageTest@7181ae3f]" name="tearDown" is-config="true" duration-ms="2425" started-at="2022-10-06T05:30:32Z" finished-at="2022-10-06T05:30:34Z">
          <reporter-output>
          </reporter-output>
        </test-method> <!-- tearDown -->
      </class> <!-- com.qa.trcrm.tests.HomePageTest -->
    </test> <!-- Home Page Test -->
    <test name="Contact Page Test" duration-ms="358641" started-at="2022-10-06T05:30:34Z" finished-at="2022-10-06T05:36:33Z">
      <class name="com.qa.trcrm.tests.ContactsPageTest">
        <test-method status="PASS" signature="setUp()[pri:0, instance:com.qa.trcrm.tests.ContactsPageTest@32cf48b7]" name="setUp" is-config="true" duration-ms="55959" started-at="2022-10-06T05:30:34Z" finished-at="2022-10-06T05:31:30Z">
          <reporter-output>
          </reporter-output>
        </test-method> <!-- setUp -->
        <test-method status="PASS" signature="verifyContactPageHeaderTest()[pri:1, instance:com.qa.trcrm.tests.ContactsPageTest@32cf48b7]" name="verifyContactPageHeaderTest" duration-ms="14034" started-at="2022-10-06T05:31:30Z" finished-at="2022-10-06T05:31:44Z">
          <reporter-output>
          </reporter-output>
        </test-method> <!-- verifyContactPageHeaderTest -->
        <test-method status="PASS" signature="tearDown()[pri:0, instance:com.qa.trcrm.tests.ContactsPageTest@32cf48b7]" name="tearDown" is-config="true" duration-ms="3680" started-at="2022-10-06T05:31:44Z" finished-at="2022-10-06T05:31:48Z">
          <reporter-output>
          </reporter-output>
        </test-method> <!-- tearDown -->
        <test-method status="PASS" signature="setUp()[pri:0, instance:com.qa.trcrm.tests.ContactsPageTest@32cf48b7]" name="setUp" is-config="true" duration-ms="101216" started-at="2022-10-06T05:32:03Z" finished-at="2022-10-06T05:33:45Z">
          <reporter-output>
          </reporter-output>
        </test-method> <!-- setUp -->
        <test-method status="FAIL" signature="verifyAddPersonTest(java.lang.String, java.lang.String)[pri:2, instance:com.qa.trcrm.tests.ContactsPageTest@32cf48b7]" name="verifyAddPersonTest" duration-ms="25776" started-at="2022-10-06T05:33:45Z" data-provider="getData" finished-at="2022-10-06T05:34:10Z">
          <params>
            <param index="0">
              <value>
                <![CDATA[Bhawna]]>
              </value>
            </param>
            <param index="1">
              <value>
                <![CDATA[bhawna@gmail.com]]>
              </value>
            </param>
          </params>
          <exception class="java.lang.AssertionError">
            <message>
              <![CDATA[expected [Person added.] but found []]]>
            </message>
            <full-stacktrace>
              <![CDATA[java.lang.AssertionError: expected [Person added.] but found []
at org.testng.Assert.fail(Assert.java:96)
at org.testng.Assert.failNotEquals(Assert.java:776)
at org.testng.Assert.assertEqualsImpl(Assert.java:137)
at org.testng.Assert.assertEquals(Assert.java:118)
at org.testng.Assert.assertEquals(Assert.java:453)
at org.testng.Assert.assertEquals(Assert.java:463)
at com.qa.trcrm.tests.ContactsPageTest.verifyAddPersonTest(ContactsPageTest.java:48)
at sun.reflect.NativeMethodAccessorImpl.invoke0(Native Method)
at sun.reflect.NativeMethodAccessorImpl.invoke(Unknown Source)
at sun.reflect.DelegatingMethodAccessorImpl.invoke(Unknown Source)
at java.lang.reflect.Method.invoke(Unknown Source)
at org.testng.internal.MethodInvocationHelper.invokeMethod(MethodInvocationHelper.java:124)
at org.testng.internal.Invoker.invokeMethod(Invoker.java:583)
at org.testng.internal.Invoker.invokeTestMethod(Invoker.java:719)
at org.testng.internal.Invoker.invokeTestMethods(Invoker.java:989)
at org.testng.internal.TestMethodWorker.invokeTestMethods(TestMethodWorker.java:125)
at org.testng.internal.TestMethodWorker.run(TestMethodWorker.java:109)
at org.testng.TestRunner.privateRun(TestRunner.java:648)
at org.testng.TestRunner.run(TestRunner.java:505)
at org.testng.SuiteRunner.runTest(SuiteRunner.java:455)
at org.testng.SuiteRunner.runSequentially(SuiteRunner.java:450)
at org.testng.SuiteRunner.privateRun(SuiteRunner.java:415)
at org.testng.SuiteRunner.run(SuiteRunner.java:364)
at org.testng.SuiteRunnerWorker.runSuite(SuiteRunnerWorker.java:52)
at org.testng.SuiteRunnerWorker.run(SuiteRunnerWorker.java:84)
at org.testng.TestNG.runSuitesSequentially(TestNG.java:1208)
at org.testng.TestNG.runSuitesLocally(TestNG.java:1137)
at org.testng.TestNG.runSuites(TestNG.java:1049)
at org.testng.TestNG.run(TestNG.java:1017)
at org.testng.remote.AbstractRemoteTestNG.run(AbstractRemoteTestNG.java:115)
at org.testng.remote.RemoteTestNG.initAndRun(RemoteTestNG.java:251)
at org.testng.remote.RemoteTestNG.main(RemoteTestNG.java:77)
]]>
            </full-stacktrace>
          </exception> <!-- java.lang.AssertionError -->
          <reporter-output>
          </reporter-output>
        </test-method> <!-- verifyAddPersonTest -->
        <test-method status="PASS" signature="tearDown()[pri:0, instance:com.qa.trcrm.tests.ContactsPageTest@32cf48b7]" name="tearDown" is-config="true" duration-ms="3319" started-at="2022-10-06T05:34:11Z" finished-at="2022-10-06T05:34:14Z">
          <reporter-output>
          </reporter-output>
        </test-method> <!-- tearDown -->
        <test-method status="PASS" signature="setUp()[pri:0, instance:com.qa.trcrm.tests.ContactsPageTest@32cf48b7]" name="setUp" is-config="true" duration-ms="127795" started-at="2022-10-06T05:34:14Z" finished-at="2022-10-06T05:36:22Z">
          <reporter-output>
          </reporter-output>
        </test-method> <!-- setUp -->
        <test-method status="PASS" signature="verifyAddPersonTest(java.lang.String, java.lang.String)[pri:2, instance:com.qa.trcrm.tests.ContactsPageTest@32cf48b7]" name="verifyAddPersonTest" duration-ms="8627" started-at="2022-10-06T05:36:22Z" data-provider="getData" finished-at="2022-10-06T05:36:31Z">
          <params>
            <param index="0">
              <value>
                <![CDATA[Deepak]]>
              </value>
            </param>
            <param index="1">
              <value>
                <![CDATA[deepak@gmail.com]]>
              </value>
            </param>
          </params>
          <reporter-output>
          </reporter-output>
        </test-method> <!-- verifyAddPersonTest -->
        <test-method status="PASS" signature="tearDown()[pri:0, instance:com.qa.trcrm.tests.ContactsPageTest@32cf48b7]" name="tearDown" is-config="true" duration-ms="2384" started-at="2022-10-06T05:36:31Z" finished-at="2022-10-06T05:36:33Z">
          <reporter-output>
          </reporter-output>
        </test-method> <!-- tearDown -->
      </class> <!-- com.qa.trcrm.tests.ContactsPageTest -->
    </test> <!-- Contact Page Test -->
  </suite> <!-- trcrm app-Regression suite -->
</testng-results>
